2026-02-06 16:48:31.103 [restartedMain] INFO  c.k.f.FashionApiApplication - Starting FashionApiApplication using Java 21.0.8 with PID 21044 (C:\workspace_fashion\fashion-api\bin\main started by user in C:\workspace_fashion\fashion-api)
2026-02-06 16:48:31.103 [restartedMain] INFO  c.k.f.FashionApiApplication - No active profile set, falling back to 1 default profile: "default"
2026-02-06 16:48:31.345 [restartedMain] INFO  o.s.d.r.c.RepositoryConfigurationDelegate - Bootstrapping Spring Data JPA repositories in DEFAULT mode.
2026-02-06 16:48:31.363 [restartedMain] INFO  o.s.d.r.c.RepositoryConfigurationDelegate - Finished Spring Data repository scanning in 16 ms. Found 4 JPA repository interfaces.
2026-02-06 16:48:31.451 [restartedMain] INFO  o.s.b.w.e.tomcat.TomcatWebServer - Tomcat initialized with port 8080 (http)
2026-02-06 16:48:31.452 [restartedMain] INFO  o.a.catalina.core.StandardService - Starting service [Tomcat]
2026-02-06 16:48:31.453 [restartedMain] INFO  o.a.catalina.core.StandardEngine - Starting Servlet engine: [Apache Tomcat/10.1.50]
2026-02-06 16:48:31.526 [restartedMain] INFO  o.apache.jasper.servlet.TldScanner - At least one JAR was scanned for TLDs yet contained no TLDs. Enable debug logging for this logger for a complete list of JARs that were scanned but no TLDs were found in them. Skipping unneeded JARs during scanning can improve startup time and JSP compilation time.
2026-02-06 16:48:31.528 [restartedMain] INFO  o.a.c.c.C.[Tomcat].[localhost].[/] - Initializing Spring embedded WebApplicationContext
2026-02-06 16:48:31.528 [restartedMain] INFO  o.s.b.w.s.c.ServletWebServerApplicationContext - Root WebApplicationContext: initialization completed in 423 ms
2026-02-06 16:48:31.565 [restartedMain] INFO  com.zaxxer.hikari.HikariDataSource - HikariPool-3 - Starting...
2026-02-06 16:48:32.826 [restartedMain] INFO  com.zaxxer.hikari.pool.HikariPool - HikariPool-3 - Added connection org.postgresql.jdbc.PgConnection@38b0e277
2026-02-06 16:48:32.826 [restartedMain] INFO  com.zaxxer.hikari.HikariDataSource - HikariPool-3 - Start completed.
2026-02-06 16:48:32.827 [restartedMain] INFO  o.h.jpa.internal.util.LogHelper - HHH000204: Processing PersistenceUnitInfo [name: default]
2026-02-06 16:48:32.830 [restartedMain] INFO  o.h.c.i.RegionFactoryInitiator - HHH000026: Second-level cache disabled
2026-02-06 16:48:33.520 [restartedMain] INFO  o.hibernate.orm.connections.pooling - HHH10001005: Database info:
	Database JDBC URL [Connecting through datasource 'p6SpyDataSourceDecorator [com.p6spy.engine.spy.P6DataSource] -> dataSource [com.zaxxer.hikari.HikariDataSource]']
	Database driver: undefined/unknown
	Database version: 17.6
	Autocommit mode: undefined/unknown
	Isolation level: undefined/unknown
	Minimum pool size: undefined/unknown
	Maximum pool size: undefined/unknown
2026-02-06 16:48:33.532 [restartedMain] INFO  o.s.o.j.p.SpringPersistenceUnitInfo - No LoadTimeWeaver setup: ignoring JPA class transformer
2026-02-06 16:48:33.598 [restartedMain] INFO  o.h.e.t.j.p.i.JtaPlatformInitiator - HHH000489: No JTA platform available (set 'hibernate.transaction.jta.platform' to enable JTA platform integration)
2026-02-06 16:48:33.598 [restartedMain] INFO  o.s.o.j.LocalContainerEntityManagerFactoryBean - Initialized JPA EntityManagerFactory for persistence unit 'default'
2026-02-06 16:48:33.737 [restartedMain] WARN  o.s.b.a.o.j.JpaBaseConfiguration$JpaWebConfiguration - spring.jpa.open-in-view is enabled by default. Therefore, database queries may be performed during view rendering. Explicitly configure spring.jpa.open-in-view to disable this warning
2026-02-06 16:48:33.809 [restartedMain] INFO  o.s.b.d.a.OptionalLiveReloadServer - LiveReload server is running on port 35729
2026-02-06 16:48:33.816 [restartedMain] INFO  o.s.b.w.e.tomcat.TomcatWebServer - Tomcat started on port 8080 (http) with context path '/'
2026-02-06 16:48:33.818 [restartedMain] INFO  c.k.f.FashionApiApplication - Started FashionApiApplication in 2.801 seconds (process running for 731.018)
2026-02-06 16:48:33.819 [restartedMain] INFO  o.s.b.d.a.ConditionEvaluationDeltaLoggingListener - Condition evaluation unchanged
2026-02-06 16:49:51.575 [tomcat-handler-0] INFO  o.a.c.c.C.[Tomcat].[localhost].[/] - Initializing Spring DispatcherServlet 'dispatcherServlet'
2026-02-06 16:49:51.575 [tomcat-handler-0] INFO  o.s.web.servlet.DispatcherServlet - Initializing Servlet 'dispatcherServlet'
2026-02-06 16:49:51.576 [tomcat-handler-0] INFO  o.s.web.servlet.DispatcherServlet - Completed initialization in 0 ms
2026-02-06 16:50:10.382 [File Watcher] INFO  o.s.b.d.a.LocalDevToolsAutoConfiguration$RestartingClassPathChangeChangedEventListener - Restarting due to 1 class path change (1 addition, 0 deletions, 0 modifications)
2026-02-06 16:50:10.383 [Thread-43] INFO  o.s.b.w.e.tomcat.GracefulShutdown - Commencing graceful shutdown. Waiting for active requests to complete
2026-02-06 16:50:10.384 [tomcat-shutdown] INFO  o.s.b.w.e.tomcat.GracefulShutdown - Graceful shutdown complete
2026-02-06 16:50:10.387 [Thread-43] INFO  o.s.o.j.LocalContainerEntityManagerFactoryBean - Closing JPA EntityManagerFactory for persistence unit 'default'
2026-02-06 16:50:10.387 [Thread-43] INFO  com.zaxxer.hikari.HikariDataSource - HikariPool-3 - Shutdown initiated...
2026-02-06 16:50:10.389 [Thread-43] INFO  com.zaxxer.hikari.HikariDataSource - HikariPool-3 - Shutdown completed.
2026-02-06 16:50:10.467 [restartedMain] INFO  c.k.f.FashionApiApplication - Starting FashionApiApplication using Java 21.0.8 with PID 21044 (C:\workspace_fashion\fashion-api\bin\main started by user in C:\workspace_fashion\fashion-api)
2026-02-06 16:50:10.468 [restartedMain] INFO  c.k.f.FashionApiApplication - No active profile set, falling back to 1 default profile: "default"
2026-02-06 16:50:10.688 [restartedMain] INFO  o.s.d.r.c.RepositoryConfigurationDelegate - Bootstrapping Spring Data JPA repositories in DEFAULT mode.
2026-02-06 16:50:10.703 [restartedMain] INFO  o.s.d.r.c.RepositoryConfigurationDelegate - Finished Spring Data repository scanning in 13 ms. Found 4 JPA repository interfaces.
2026-02-06 16:50:10.774 [restartedMain] INFO  o.s.b.w.e.tomcat.TomcatWebServer - Tomcat initialized with port 8080 (http)
2026-02-06 16:50:10.774 [restartedMain] INFO  o.a.catalina.core.StandardService - Starting service [Tomcat]
2026-02-06 16:50:10.775 [restartedMain] INFO  o.a.catalina.core.StandardEngine - Starting Servlet engine: [Apache Tomcat/10.1.50]
2026-02-06 16:50:10.832 [restartedMain] INFO  o.apache.jasper.servlet.TldScanner - At least one JAR was scanned for TLDs yet contained no TLDs. Enable debug logging for this logger for a complete list of JARs that were scanned but no TLDs were found in them. Skipping unneeded JARs during scanning can improve startup time and JSP compilation time.
2026-02-06 16:50:10.834 [restartedMain] INFO  o.a.c.c.C.[Tomcat].[localhost].[/] - Initializing Spring embedded WebApplicationContext
2026-02-06 16:50:10.835 [restartedMain] INFO  o.s.b.w.s.c.ServletWebServerApplicationContext - Root WebApplicationContext: initialization completed in 366 ms
2026-02-06 16:50:10.866 [restartedMain] INFO  com.zaxxer.hikari.HikariDataSource - HikariPool-4 - Starting...
2026-02-06 16:50:12.139 [restartedMain] INFO  com.zaxxer.hikari.pool.HikariPool - HikariPool-4 - Added connection org.postgresql.jdbc.PgConnection@66a40584
2026-02-06 16:50:12.139 [restartedMain] INFO  com.zaxxer.hikari.HikariDataSource - HikariPool-4 - Start completed.
2026-02-06 16:50:12.140 [restartedMain] INFO  o.h.jpa.internal.util.LogHelper - HHH000204: Processing PersistenceUnitInfo [name: default]
2026-02-06 16:50:12.143 [restartedMain] INFO  o.h.c.i.RegionFactoryInitiator - HHH000026: Second-level cache disabled
2026-02-06 16:50:12.832 [restartedMain] INFO  o.hibernate.orm.connections.pooling - HHH10001005: Database info:
	Database JDBC URL [Connecting through datasource 'p6SpyDataSourceDecorator [com.p6spy.engine.spy.P6DataSource] -> dataSource [com.zaxxer.hikari.HikariDataSource]']
	Database driver: undefined/unknown
	Database version: 17.6
	Autocommit mode: undefined/unknown
	Isolation level: undefined/unknown
	Minimum pool size: undefined/unknown
	Maximum pool size: undefined/unknown
2026-02-06 16:50:12.838 [restartedMain] INFO  o.s.o.j.p.SpringPersistenceUnitInfo - No LoadTimeWeaver setup: ignoring JPA class transformer
2026-02-06 16:50:12.903 [restartedMain] INFO  o.h.e.t.j.p.i.JtaPlatformInitiator - HHH000489: No JTA platform available (set 'hibernate.transaction.jta.platform' to enable JTA platform integration)
2026-02-06 16:50:12.904 [restartedMain] INFO  o.s.o.j.LocalContainerEntityManagerFactoryBean - Initialized JPA EntityManagerFactory for persistence unit 'default'
2026-02-06 16:50:13.021 [restartedMain] WARN  o.s.b.a.o.j.JpaBaseConfiguration$JpaWebConfiguration - spring.jpa.open-in-view is enabled by default. Therefore, database queries may be performed during view rendering. Explicitly configure spring.jpa.open-in-view to disable this warning
2026-02-06 16:50:13.094 [restartedMain] INFO  o.s.b.d.a.OptionalLiveReloadServer - LiveReload server is running on port 35729
2026-02-06 16:50:13.100 [restartedMain] INFO  o.s.b.w.e.tomcat.TomcatWebServer - Tomcat started on port 8080 (http) with context path '/'
2026-02-06 16:50:13.103 [restartedMain] INFO  c.k.f.FashionApiApplication - Started FashionApiApplication in 2.659 seconds (process running for 830.303)
2026-02-06 16:50:13.104 [restartedMain] INFO  o.s.b.d.a.ConditionEvaluationDeltaLoggingListener - Condition evaluation unchanged
2026-02-06 16:50:29.194 [tomcat-handler-0] INFO  o.a.c.c.C.[Tomcat].[localhost].[/] - Initializing Spring DispatcherServlet 'dispatcherServlet'
2026-02-06 16:50:29.194 [tomcat-handler-0] INFO  o.s.web.servlet.DispatcherServlet - Initializing Servlet 'dispatcherServlet'
2026-02-06 16:50:29.196 [tomcat-handler-0] INFO  o.s.web.servlet.DispatcherServlet - Completed initialization in 2 ms
2026-02-06 16:52:23.683 [tomcat-handler-79] INFO  p6spy - #1770364343683 | took 193ms | statement | connection 18| url jdbc:postgresql://aws-1-ap-south-1.pooler.supabase.com:6543/postgres?sslmode=require&prepareThreshold=0
select count(*) from member m1_0 where m1_0.id=?
select count(*) from member m1_0 where m1_0.id='google_111524415500276690836';
2026-02-06 16:52:23.824 [tomcat-handler-79] INFO  p6spy - #1770364343824 | took 138ms | commit | connection 18| url jdbc:postgresql://aws-1-ap-south-1.pooler.supabase.com:6543/postgres?sslmode=require&prepareThreshold=0

;
2026-02-06 16:52:25.138 [tomcat-handler-82] INFO  p6spy - #1770364345138 | took 140ms | statement | connection 19| url jdbc:postgresql://aws-1-ap-south-1.pooler.supabase.com:6543/postgres?sslmode=require&prepareThreshold=0
select m1_0.id,m1_0.nickname,m1_0.password,m1_0.profile,m1_0.provider from member m1_0 where m1_0.id=?
select m1_0.id,m1_0.nickname,m1_0.password,m1_0.profile,m1_0.provider from member m1_0 where m1_0.id='google_111524415500276690836';
2026-02-06 16:52:25.275 [tomcat-handler-82] INFO  p6spy - #1770364345275 | took 136ms | commit | connection 19| url jdbc:postgresql://aws-1-ap-south-1.pooler.supabase.com:6543/postgres?sslmode=require&prepareThreshold=0

;
2026-02-06 16:52:25.422 [tomcat-handler-82] INFO  p6spy - #1770364345422 | took 136ms | statement | connection 20| url jdbc:postgresql://aws-1-ap-south-1.pooler.supabase.com:6543/postgres?sslmode=require&prepareThreshold=0
select m1_0.id,m1_0.nickname,m1_0.password,m1_0.profile,m1_0.provider from member m1_0 where m1_0.id=?
select m1_0.id,m1_0.nickname,m1_0.password,m1_0.profile,m1_0.provider from member m1_0 where m1_0.id='google_111524415500276690836';
2026-02-06 16:52:25.559 [tomcat-handler-82] INFO  p6spy - #1770364345559 | took 136ms | commit | connection 20| url jdbc:postgresql://aws-1-ap-south-1.pooler.supabase.com:6543/postgres?sslmode=require&prepareThreshold=0

;
2026-02-06 16:57:16.387 [tomcat-handler-287] INFO  p6spy - #1770364636387 | took 136ms | statement | connection 21| url jdbc:postgresql://aws-1-ap-south-1.pooler.supabase.com:6543/postgres?sslmode=require&prepareThreshold=0
select count(*) from member m1_0 where m1_0.id=?
select count(*) from member m1_0 where m1_0.id='google_111524415500276690836';
2026-02-06 16:57:16.524 [tomcat-handler-287] INFO  p6spy - #1770364636524 | took 136ms | commit | connection 21| url jdbc:postgresql://aws-1-ap-south-1.pooler.supabase.com:6543/postgres?sslmode=require&prepareThreshold=0

;
2026-02-06 16:57:17.429 [tomcat-handler-289] INFO  p6spy - #1770364637429 | took 136ms | statement | connection 22| url jdbc:postgresql://aws-1-ap-south-1.pooler.supabase.com:6543/postgres?sslmode=require&prepareThreshold=0
select m1_0.id,m1_0.nickname,m1_0.password,m1_0.profile,m1_0.provider from member m1_0 where m1_0.id=?
select m1_0.id,m1_0.nickname,m1_0.password,m1_0.profile,m1_0.provider from member m1_0 where m1_0.id='google_111524415500276690836';
2026-02-06 16:57:17.567 [tomcat-handler-289] INFO  p6spy - #1770364637567 | took 136ms | commit | connection 22| url jdbc:postgresql://aws-1-ap-south-1.pooler.supabase.com:6543/postgres?sslmode=require&prepareThreshold=0

;
2026-02-06 16:57:17.710 [tomcat-handler-289] INFO  p6spy - #1770364637710 | took 136ms | statement | connection 23| url jdbc:postgresql://aws-1-ap-south-1.pooler.supabase.com:6543/postgres?sslmode=require&prepareThreshold=0
select m1_0.id,m1_0.nickname,m1_0.password,m1_0.profile,m1_0.provider from member m1_0 where m1_0.id=?
select m1_0.id,m1_0.nickname,m1_0.password,m1_0.profile,m1_0.provider from member m1_0 where m1_0.id='google_111524415500276690836';
2026-02-06 16:57:17.848 [tomcat-handler-289] INFO  p6spy - #1770364637848 | took 138ms | commit | connection 23| url jdbc:postgresql://aws-1-ap-south-1.pooler.supabase.com:6543/postgres?sslmode=require&prepareThreshold=0

;
2026-02-06 17:23:17.425 [tomcat-handler-1375] INFO  p6spy - #1770366197425 | took 209ms | statement | connection 24| url jdbc:postgresql://aws-1-ap-south-1.pooler.supabase.com:6543/postgres?sslmode=require&prepareThreshold=0
select s1_0.sale_id,s1_0.product_id,s1_0.sale_price,s1_0.sale_quantity,s1_0.sale_rate from sales s1_0 order by s1_0.sale_quantity desc fetch first ? rows only
select s1_0.sale_id,s1_0.product_id,s1_0.sale_price,s1_0.sale_quantity,s1_0.sale_rate from sales s1_0 order by s1_0.sale_quantity desc fetch first 10 rows only;
2026-02-06 17:23:17.580 [tomcat-handler-1375] INFO  p6spy - #1770366197580 | took 151ms | statement | connection 24| url jdbc:postgresql://aws-1-ap-south-1.pooler.supabase.com:6543/postgres?sslmode=require&prepareThreshold=0
select p1_0.product_id,c1_0.category_id,c1_0.category_name,p1_0.price,p1_0.product_name,p1_0.style from products p1_0 left join categories c1_0 on c1_0.category_id=p1_0.category_id where p1_0.product_id=?
select p1_0.product_id,c1_0.category_id,c1_0.category_name,p1_0.price,p1_0.product_name,p1_0.style from products p1_0 left join categories c1_0 on c1_0.category_id=p1_0.category_id where p1_0.product_id='AKE3OP015';
2026-02-06 17:23:17.720 [tomcat-handler-1375] INFO  p6spy - #1770366197720 | took 138ms | statement | connection 24| url jdbc:postgresql://aws-1-ap-south-1.pooler.supabase.com:6543/postgres?sslmode=require&prepareThreshold=0
select p1_0.product_id,c1_0.category_id,c1_0.category_name,p1_0.price,p1_0.product_name,p1_0.style from products p1_0 left join categories c1_0 on c1_0.category_id=p1_0.category_id where p1_0.product_id=?
select p1_0.product_id,c1_0.category_id,c1_0.category_name,p1_0.price,p1_0.product_name,p1_0.style from products p1_0 left join categories c1_0 on c1_0.category_id=p1_0.category_id where p1_0.product_id='ALE3OP003';
2026-02-06 17:23:17.860 [tomcat-handler-1375] INFO  p6spy - #1770366197860 | took 139ms | statement | connection 24| url jdbc:postgresql://aws-1-ap-south-1.pooler.supabase.com:6543/postgres?sslmode=require&prepareThreshold=0
select p1_0.product_id,c1_0.category_id,c1_0.category_name,p1_0.price,p1_0.product_name,p1_0.style from products p1_0 left join categories c1_0 on c1_0.category_id=p1_0.category_id where p1_0.product_id=?
select p1_0.product_id,c1_0.category_id,c1_0.category_name,p1_0.price,p1_0.product_name,p1_0.style from products p1_0 left join categories c1_0 on c1_0.category_id=p1_0.category_id where p1_0.product_id='AME3OP004';
2026-02-06 17:23:18.006 [tomcat-handler-1375] INFO  p6spy - #1770366198006 | took 145ms | statement | connection 24| url jdbc:postgresql://aws-1-ap-south-1.pooler.supabase.com:6543/postgres?sslmode=require&prepareThreshold=0
select p1_0.product_id,c1_0.category_id,c1_0.category_name,p1_0.price,p1_0.product_name,p1_0.style from products p1_0 left join categories c1_0 on c1_0.category_id=p1_0.category_id where p1_0.product_id=?
select p1_0.product_id,c1_0.category_id,c1_0.category_name,p1_0.price,p1_0.product_name,p1_0.style from products p1_0 left join categories c1_0 on c1_0.category_id=p1_0.category_id where p1_0.product_id='AKI7KT012';
2026-02-06 17:23:18.154 [tomcat-handler-1375] INFO  p6spy - #1770366198154 | took 142ms | statement | connection 24| url jdbc:postgresql://aws-1-ap-south-1.pooler.supabase.com:6543/postgres?sslmode=require&prepareThreshold=0
select p1_0.product_id,c1_0.category_id,c1_0.category_name,p1_0.price,p1_0.product_name,p1_0.style from products p1_0 left join categories c1_0 on c1_0.category_id=p1_0.category_id where p1_0.product_id=?
select p1_0.product_id,c1_0.category_id,c1_0.category_name,p1_0.price,p1_0.product_name,p1_0.style from products p1_0 left join categories c1_0 on c1_0.category_id=p1_0.category_id where p1_0.product_id='AKK7TS002';
2026-02-06 17:23:18.294 [tomcat-handler-1375] INFO  p6spy - #1770366198294 | took 136ms | statement | connection 24| url jdbc:postgresql://aws-1-ap-south-1.pooler.supabase.com:6543/postgres?sslmode=require&prepareThreshold=0
select p1_0.product_id,c1_0.category_id,c1_0.category_name,p1_0.price,p1_0.product_name,p1_0.style from products p1_0 left join categories c1_0 on c1_0.category_id=p1_0.category_id where p1_0.product_id=?
select p1_0.product_id,c1_0.category_id,c1_0.category_name,p1_0.price,p1_0.product_name,p1_0.style from products p1_0 left join categories c1_0 on c1_0.category_id=p1_0.category_id where p1_0.product_id='ALD3PT005';
2026-02-06 17:23:18.438 [tomcat-handler-1375] INFO  p6spy - #1770366198438 | took 139ms | statement | connection 24| url jdbc:postgresql://aws-1-ap-south-1.pooler.supabase.com:6543/postgres?sslmode=require&prepareThreshold=0
select p1_0.product_id,c1_0.category_id,c1_0.category_name,p1_0.price,p1_0.product_name,p1_0.style from products p1_0 left join categories c1_0 on c1_0.category_id=p1_0.category_id where p1_0.product_id=?
select p1_0.product_id,c1_0.category_id,c1_0.category_name,p1_0.price,p1_0.product_name,p1_0.style from products p1_0 left join categories c1_0 on c1_0.category_id=p1_0.category_id where p1_0.product_id='AKJ7TS001';
2026-02-06 17:23:18.577 [tomcat-handler-1375] INFO  p6spy - #1770366198577 | took 138ms | statement | connection 24| url jdbc:postgresql://aws-1-ap-south-1.pooler.supabase.com:6543/postgres?sslmode=require&prepareThreshold=0
select p1_0.product_id,c1_0.category_id,c1_0.category_name,p1_0.price,p1_0.product_name,p1_0.style from products p1_0 left join categories c1_0 on c1_0.category_id=p1_0.category_id where p1_0.product_id=?
select p1_0.product_id,c1_0.category_id,c1_0.category_name,p1_0.price,p1_0.product_name,p1_0.style from products p1_0 left join categories c1_0 on c1_0.category_id=p1_0.category_id where p1_0.product_id='ALK3PT005';
2026-02-06 17:23:18.718 [tomcat-handler-1375] INFO  p6spy - #1770366198718 | took 135ms | statement | connection 24| url jdbc:postgresql://aws-1-ap-south-1.pooler.supabase.com:6543/postgres?sslmode=require&prepareThreshold=0
select p1_0.product_id,c1_0.category_id,c1_0.category_name,p1_0.price,p1_0.product_name,p1_0.style from products p1_0 left join categories c1_0 on c1_0.category_id=p1_0.category_id where p1_0.product_id=?
select p1_0.product_id,c1_0.category_id,c1_0.category_name,p1_0.price,p1_0.product_name,p1_0.style from products p1_0 left join categories c1_0 on c1_0.category_id=p1_0.category_id where p1_0.product_id='ALD3PT004';
2026-02-06 17:23:18.856 [tomcat-handler-1375] INFO  p6spy - #1770366198856 | took 137ms | statement | connection 24| url jdbc:postgresql://aws-1-ap-south-1.pooler.supabase.com:6543/postgres?sslmode=require&prepareThreshold=0
select p1_0.product_id,c1_0.category_id,c1_0.category_name,p1_0.price,p1_0.product_name,p1_0.style from products p1_0 left join categories c1_0 on c1_0.category_id=p1_0.category_id where p1_0.product_id=?
select p1_0.product_id,c1_0.category_id,c1_0.category_name,p1_0.price,p1_0.product_name,p1_0.style from products p1_0 left join categories c1_0 on c1_0.category_id=p1_0.category_id where p1_0.product_id='ALE3PT005';
2026-02-06 17:23:19.002 [tomcat-handler-1375] INFO  p6spy - #1770366199002 | took 143ms | commit | connection 24| url jdbc:postgresql://aws-1-ap-south-1.pooler.supabase.com:6543/postgres?sslmode=require&prepareThreshold=0

;
2026-02-06 17:34:58.904 [File Watcher] INFO  o.s.b.d.a.LocalDevToolsAutoConfiguration$RestartingClassPathChangeChangedEventListener - Restarting due to 1 class path change (0 additions, 0 deletions, 1 modification)
2026-02-06 17:34:58.905 [Thread-63] INFO  o.s.b.w.e.tomcat.GracefulShutdown - Commencing graceful shutdown. Waiting for active requests to complete
2026-02-06 17:34:58.906 [tomcat-shutdown] INFO  o.s.b.w.e.tomcat.GracefulShutdown - Graceful shutdown complete
2026-02-06 17:34:58.909 [Thread-63] INFO  o.s.o.j.LocalContainerEntityManagerFactoryBean - Closing JPA EntityManagerFactory for persistence unit 'default'
2026-02-06 17:34:58.909 [Thread-63] INFO  com.zaxxer.hikari.HikariDataSource - HikariPool-4 - Shutdown initiated...
2026-02-06 17:34:59.734 [Thread-63] INFO  com.zaxxer.hikari.HikariDataSource - HikariPool-4 - Shutdown completed.
2026-02-06 17:34:59.819 [restartedMain] INFO  c.k.f.FashionApiApplication - Starting FashionApiApplication using Java 21.0.8 with PID 21044 (C:\workspace_fashion\fashion-api\bin\main started by user in C:\workspace_fashion\fashion-api)
2026-02-06 17:34:59.819 [restartedMain] INFO  c.k.f.FashionApiApplication - No active profile set, falling back to 1 default profile: "default"
2026-02-06 17:35:00.023 [restartedMain] INFO  o.s.d.r.c.RepositoryConfigurationDelegate - Bootstrapping Spring Data JPA repositories in DEFAULT mode.
2026-02-06 17:35:00.036 [restartedMain] INFO  o.s.d.r.c.RepositoryConfigurationDelegate - Finished Spring Data repository scanning in 12 ms. Found 4 JPA repository interfaces.
2026-02-06 17:35:00.114 [restartedMain] INFO  o.s.b.w.e.tomcat.TomcatWebServer - Tomcat initialized with port 8080 (http)
2026-02-06 17:35:00.115 [restartedMain] INFO  o.a.catalina.core.StandardService - Starting service [Tomcat]
2026-02-06 17:35:00.116 [restartedMain] INFO  o.a.catalina.core.StandardEngine - Starting Servlet engine: [Apache Tomcat/10.1.50]
2026-02-06 17:35:00.171 [restartedMain] INFO  o.apache.jasper.servlet.TldScanner - At least one JAR was scanned for TLDs yet contained no TLDs. Enable debug logging for this logger for a complete list of JARs that were scanned but no TLDs were found in them. Skipping unneeded JARs during scanning can improve startup time and JSP compilation time.
2026-02-06 17:35:00.172 [restartedMain] INFO  o.a.c.c.C.[Tomcat].[localhost].[/] - Initializing Spring embedded WebApplicationContext
2026-02-06 17:35:00.172 [restartedMain] INFO  o.s.b.w.s.c.ServletWebServerApplicationContext - Root WebApplicationContext: initialization completed in 351 ms
2026-02-06 17:35:00.199 [restartedMain] INFO  com.zaxxer.hikari.HikariDataSource - HikariPool-5 - Starting...
2026-02-06 17:35:01.481 [restartedMain] INFO  com.zaxxer.hikari.pool.HikariPool - HikariPool-5 - Added connection org.postgresql.jdbc.PgConnection@75169f52
2026-02-06 17:35:01.481 [restartedMain] INFO  com.zaxxer.hikari.HikariDataSource - HikariPool-5 - Start completed.
2026-02-06 17:35:01.482 [restartedMain] INFO  o.h.jpa.internal.util.LogHelper - HHH000204: Processing PersistenceUnitInfo [name: default]
2026-02-06 17:35:01.485 [restartedMain] INFO  o.h.c.i.RegionFactoryInitiator - HHH000026: Second-level cache disabled
2026-02-06 17:35:02.183 [restartedMain] INFO  o.hibernate.orm.connections.pooling - HHH10001005: Database info:
	Database JDBC URL [Connecting through datasource 'p6SpyDataSourceDecorator [com.p6spy.engine.spy.P6DataSource] -> dataSource [com.zaxxer.hikari.HikariDataSource]']
	Database driver: undefined/unknown
	Database version: 17.6
	Autocommit mode: undefined/unknown
	Isolation level: undefined/unknown
	Minimum pool size: undefined/unknown
	Maximum pool size: undefined/unknown
2026-02-06 17:35:02.188 [restartedMain] INFO  o.s.o.j.p.SpringPersistenceUnitInfo - No LoadTimeWeaver setup: ignoring JPA class transformer
2026-02-06 17:35:02.244 [restartedMain] INFO  o.h.e.t.j.p.i.JtaPlatformInitiator - HHH000489: No JTA platform available (set 'hibernate.transaction.jta.platform' to enable JTA platform integration)
2026-02-06 17:35:02.245 [restartedMain] INFO  o.s.o.j.LocalContainerEntityManagerFactoryBean - Initialized JPA EntityManagerFactory for persistence unit 'default'
2026-02-06 17:35:02.355 [restartedMain] WARN  o.s.b.a.o.j.JpaBaseConfiguration$JpaWebConfiguration - spring.jpa.open-in-view is enabled by default. Therefore, database queries may be performed during view rendering. Explicitly configure spring.jpa.open-in-view to disable this warning
2026-02-06 17:35:02.423 [restartedMain] INFO  o.s.b.d.a.OptionalLiveReloadServer - LiveReload server is running on port 35729
2026-02-06 17:35:02.429 [restartedMain] INFO  o.s.b.w.e.tomcat.TomcatWebServer - Tomcat started on port 8080 (http) with context path '/'
2026-02-06 17:35:02.431 [restartedMain] INFO  c.k.f.FashionApiApplication - Started FashionApiApplication in 2.634 seconds (process running for 3519.631)
2026-02-06 17:35:02.433 [restartedMain] INFO  o.s.b.d.a.ConditionEvaluationDeltaLoggingListener - Condition evaluation unchanged
2026-02-06 17:35:02.967 [tomcat-handler-0] INFO  o.a.c.c.C.[Tomcat].[localhost].[/] - Initializing Spring DispatcherServlet 'dispatcherServlet'
2026-02-06 17:35:02.967 [tomcat-handler-0] INFO  o.s.web.servlet.DispatcherServlet - Initializing Servlet 'dispatcherServlet'
2026-02-06 17:35:02.968 [tomcat-handler-0] INFO  o.s.web.servlet.DispatcherServlet - Completed initialization in 1 ms
